# JRE version: OpenJDK Runtime Environment Corretto-17.0.12.7.1 (17.0.12+7) (build 17.0.12+7-LTS)
# Java VM: OpenJDK 64-Bit Server VM Corretto-17.0.12.7.1 (17.0.12+7-LTS, mixed mode, sharing, tiered, compressed oops, compressed class ptrs, g1 gc, windows-amd64)
GC Precious Log:
 CPUs: 20 total, 20 available
 Memory: 16044M
 Large Page Support: Disabled
 NUMA Support: Disabled
 Compressed Oops: Enabled (Zero based)
 Heap Region Size: 2M
 Heap Min Capacity: 8M
 Heap Initial Capacity: 252M
 Heap Max Capacity: 4012M
 Pre-touch: Disabled
 Parallel Workers: 15
 Concurrent Workers: 4
 Concurrent Refinement Workers: 15
 Periodic GC: Disabled
Heap:
 garbage-first heap   total 477184K, used 155682K [0x0000000705400000, 0x0000000800000000)
  region size 2048K, 28 young (57344K), 2 survivors (4096K)
 Metaspace       used 94435K, committed 95168K, reserved 1179648K
  class space    used 12320K, committed 12672K, reserved 1048576K
GC Heap History (20 events):
Event: 1035.882 GC heap before
{Heap before GC invocations=106 (full 0):
 garbage-first heap   total 477184K, used 384357K [0x0000000705400000, 0x0000000800000000)
  region size 2048K, 139 young (284672K), 1 survivors (2048K)
 Metaspace       used 93502K, committed 94208K, reserved 1179648K
  class space    used 12250K, committed 12608K, reserved 1048576K
}
Event: 1035.889 GC heap after
{Heap after GC invocations=107 (full 0):
 garbage-first heap   total 477184K, used 111131K [0x0000000705400000, 0x0000000800000000)
  region size 2048K, 5 young (10240K), 5 survivors (10240K)
 Metaspace       used 93502K, committed 94208K, reserved 1179648K
  class space    used 12250K, committed 12608K, reserved 1048576K
}
Event: 1069.137 GC heap before
{Heap before GC invocations=107 (full 0):
 garbage-first heap   total 477184K, used 385563K [0x0000000705400000, 0x0000000800000000)
  region size 2048K, 139 young (284672K), 5 survivors (10240K)
 Metaspace       used 93552K, committed 94336K, reserved 1179648K
  class space    used 12254K, committed 12608K, reserved 1048576K
}
Event: 1069.144 GC heap after
{Heap after GC invocations=108 (full 0):
 garbage-first heap   total 477184K, used 106618K [0x0000000705400000, 0x0000000800000000)
  region size 2048K, 3 young (6144K), 3 survivors (6144K)
 Metaspace       used 93552K, committed 94336K, reserved 1179648K
  class space    used 12254K, committed 12608K, reserved 1048576K
}
Event: 1105.947 GC heap before
{Heap before GC invocations=108 (full 0):
 garbage-first heap   total 477184K, used 385146K [0x0000000705400000, 0x0000000800000000)
  region size 2048K, 139 young (284672K), 3 survivors (6144K)
 Metaspace       used 93618K, committed 94336K, reserved 1179648K
  class space    used 12256K, committed 12608K, reserved 1048576K
}
Event: 1105.965 GC heap after
{Heap after GC invocations=109 (full 0):
 garbage-first heap   total 477184K, used 111369K [0x0000000705400000, 0x0000000800000000)
  region size 2048K, 5 young (10240K), 5 survivors (10240K)
 Metaspace       used 93618K, committed 94336K, reserved 1179648K
  class space    used 12256K, committed 12608K, reserved 1048576K
}
Event: 1138.685 GC heap before
{Heap before GC invocations=109 (full 0):
 garbage-first heap   total 477184K, used 385801K [0x0000000705400000, 0x0000000800000000)
  region size 2048K, 139 young (284672K), 5 survivors (10240K)
 Metaspace       used 93683K, committed 94400K, reserved 1179648K
  class space    used 12256K, committed 12608K, reserved 1048576K
}
Event: 1138.694 GC heap after
{Heap after GC invocations=110 (full 0):
 garbage-first heap   total 477184K, used 111836K [0x0000000705400000, 0x0000000800000000)
  region size 2048K, 6 young (12288K), 6 survivors (12288K)
 Metaspace       used 93683K, committed 94400K, reserved 1179648K
  class space    used 12256K, committed 12608K, reserved 1048576K
}
Event: 1175.505 GC heap before
{Heap before GC invocations=110 (full 0):
 garbage-first heap   total 477184K, used 384220K [0x0000000705400000, 0x0000000800000000)
  region size 2048K, 139 young (284672K), 6 survivors (12288K)
 Metaspace       used 93684K, committed 94400K, reserved 1179648K
  class space    used 12256K, committed 12608K, reserved 1048576K
}
Event: 1175.515 GC heap after
{Heap after GC invocations=111 (full 0):
 garbage-first heap   total 477184K, used 107050K [0x0000000705400000, 0x0000000800000000)
  region size 2048K, 3 young (6144K), 3 survivors (6144K)
 Metaspace       used 93684K, committed 94400K, reserved 1179648K
  class space    used 12256K, committed 12608K, reserved 1048576K
}
Event: 1208.813 GC heap before
{Heap before GC invocations=111 (full 0):
 garbage-first heap   total 477184K, used 385578K [0x0000000705400000, 0x0000000800000000)
  region size 2048K, 139 young (284672K), 3 survivors (6144K)
 Metaspace       used 93703K, committed 94400K, reserved 1179648K
  class space    used 12256K, committed 12608K, reserved 1048576K
}
Event: 1208.816 GC heap after
{Heap after GC invocations=112 (full 0):
 garbage-first heap   total 477184K, used 103013K [0x0000000705400000, 0x0000000800000000)
  region size 2048K, 1 young (2048K), 1 survivors (2048K)
 Metaspace       used 93703K, committed 94400K, reserved 1179648K
  class space    used 12256K, committed 12608K, reserved 1048576K
}
Event: 1240.138 GC heap before
{Heap before GC invocations=112 (full 0):
 garbage-first heap   total 477184K, used 383589K [0x0000000705400000, 0x0000000800000000)
  region size 2048K, 139 young (284672K), 1 survivors (2048K)
 Metaspace       used 93939K, committed 94656K, reserved 1179648K
  class space    used 12263K, committed 12608K, reserved 1048576K
}
Event: 1240.140 GC heap after
{Heap after GC invocations=113 (full 0):
 garbage-first heap   total 477184K, used 103882K [0x0000000705400000, 0x0000000800000000)
  region size 2048K, 2 young (4096K), 2 survivors (4096K)
 Metaspace       used 93939K, committed 94656K, reserved 1179648K
  class space    used 12263K, committed 12608K, reserved 1048576K
}
Event: 1265.521 GC heap before
{Heap before GC invocations=113 (full 0):
 garbage-first heap   total 477184K, used 384458K [0x0000000705400000, 0x0000000800000000)
  region size 2048K, 139 young (284672K), 2 survivors (4096K)
 Metaspace       used 94033K, committed 94784K, reserved 1179648K
  class space    used 12264K, committed 12608K, reserved 1048576K
}
Event: 1265.524 GC heap after
{Heap after GC invocations=114 (full 0):
 garbage-first heap   total 477184K, used 104920K [0x0000000705400000, 0x0000000800000000)
  region size 2048K, 2 young (4096K), 2 survivors (4096K)
 Metaspace       used 94033K, committed 94784K, reserved 1179648K
  class space    used 12264K, committed 12608K, reserved 1048576K
}
Event: 1302.475 GC heap before
{Heap before GC invocations=114 (full 0):
 garbage-first heap   total 477184K, used 383448K [0x0000000705400000, 0x0000000800000000)
  region size 2048K, 139 young (284672K), 2 survivors (4096K)
 Metaspace       used 94366K, committed 95168K, reserved 1179648K
  class space    used 12320K, committed 12672K, reserved 1048576K
}
Event: 1302.493 GC heap after
{Heap after GC invocations=115 (full 0):
 garbage-first heap   total 477184K, used 112084K [0x0000000705400000, 0x0000000800000000)
  region size 2048K, 6 young (12288K), 6 survivors (12288K)
 Metaspace       used 94366K, committed 95168K, reserved 1179648K
  class space    used 12320K, committed 12672K, reserved 1048576K
}
Event: 1334.628 GC heap before
{Heap before GC invocations=115 (full 0):
 garbage-first heap   total 477184K, used 384468K [0x0000000705400000, 0x0000000800000000)
  region size 2048K, 139 young (284672K), 6 survivors (12288K)
 Metaspace       used 94400K, committed 95168K, reserved 1179648K
  class space    used 12320K, committed 12672K, reserved 1048576K
}
Event: 1334.631 GC heap after
{Heap after GC invocations=116 (full 0):
 garbage-first heap   total 477184K, used 104482K [0x0000000705400000, 0x0000000800000000)
  region size 2048K, 2 young (4096K), 2 survivors (4096K)
 Metaspace       used 94400K, committed 95168K, reserved 1179648K
  class space    used 12320K, committed 12672K, reserved 1048576K
}

